<?xml version="1.0" encoding="UTF-8"?>
<!-- Generated by org.testng.reporters.JUnitReportReporter -->
<testsuite hostname="LAPTOP-N7EP4K8K" failures="0" tests="3" name="Rest.DynamicJson" time="3.733" errors="0" timestamp="2023-07-22T11:07:04 IST" skipped="0">
  <testcase classname="Rest.DynamicJson" name="addBook" time="3.122"/>
  <system-out/>
  <testcase classname="Rest.DynamicJson" name="addBook" time="0.335"/>
  <system-out/>
  <testcase classname="Rest.DynamicJson" name="addBook" time="0.276"/>
  <system-out/>
</testsuite> <!-- Rest.DynamicJson -->
