<?xml version="1.0" encoding="UTF-8"?>
<!-- Generated by org.testng.reporters.JUnitReportReporter -->
<testsuite hostname="LAPTOP-N7EP4K8K" failures="0" tests="1" name="Rest.TestNGclass" time="1.239" errors="0" timestamp="2023-05-22T18:04:59 IST" skipped="0">
  <testcase classname="Rest.TestNGclass" name="functions" time="1.239"/>
  <system-out/>
</testsuite> <!-- Rest.TestNGclass -->
